2026-04-22 19:37:12 INFO  TC001_AccountRegisterationTest:20 -
			Starting the test...........
2026-04-22 19:37:13 INFO  TC001_AccountRegisterationTest:23 -
			Clicked on my account.....
2026-04-22 19:37:13 INFO  TC001_AccountRegisterationTest:27 -
			providing customer details.....
2026-04-22 19:37:16 INFO  TC001_AccountRegisterationTest:38 -
			Checking expected message.......
2026-04-22 19:37:16 INFO  TC001_AccountRegisterationTest:54 -
			Test finished.....
2026-04-22 19:37:18 INFO  TC002__LoginTest:17 -
			Starting the test TC002__LoginTest.....
2026-04-22 19:37:21 INFO  TC002__LoginTest:33 -
			Finsed the test TC002__LoginTest.....
2026-04-22 20:07:58 INFO  TC001_AccountRegisterationTest:20 -
			Starting the test...........
2026-04-22 20:07:58 INFO  TC001_AccountRegisterationTest:23 -
			Clicked on my account.....
2026-04-22 20:07:59 INFO  TC001_AccountRegisterationTest:27 -
			providing customer details.....
2026-04-22 20:08:01 INFO  TC001_AccountRegisterationTest:38 -
			Checking expected message.......
2026-04-22 20:08:01 INFO  TC001_AccountRegisterationTest:54 -
			Test finished.....
2026-04-22 20:08:03 INFO  TC002__LoginTest:17 -
			Starting the test TC002__LoginTest.....
2026-04-22 20:08:05 INFO  TC002__LoginTest:33 -
			Finsed the test TC002__LoginTest.....
2026-04-22 20:13:37 INFO  TC001_AccountRegisterationTest:20 -
			Starting the test...........
2026-04-22 20:13:37 INFO  TC001_AccountRegisterationTest:23 -
			Clicked on my account.....
2026-04-22 20:13:38 INFO  TC001_AccountRegisterationTest:27 -
			providing customer details.....
2026-04-22 20:13:40 INFO  TC001_AccountRegisterationTest:38 -
			Checking expected message.......
2026-04-22 20:13:40 INFO  TC001_AccountRegisterationTest:54 -
			Test finished.....
2026-04-22 20:13:43 INFO  TC002__LoginTest:17 -
			Starting the test TC002__LoginTest.....
2026-04-22 20:13:44 INFO  TC002__LoginTest:33 -
			Finsed the test TC002__LoginTest.....
